This is pdfTeX, Version 3.141592653-2.6-1.40.24 (MiKTeX 22.7) (preloaded format=latex 2022.9.11)  25 OCT 2022 17:18
entering extended mode
 restricted \write18 enabled.
 %&-line parsing enabled.
**./2nd_lection.tex
(2nd_lection.tex
LaTeX2e <2022-06-01> patch level 5
L3 programming layer <2022-07-04>

! LaTeX Error: \usepackage before \documentclass.

See the LaTeX manual or LaTeX Companion for explanation.
Type  H <return>  for immediate help.
 ...                                              
                                                  
l.2 \usepackage{
                amsmath}
\usepackage may only appear in the document preamble, i.e.,
between \documentclass and \begin{document}.

! Undefined control sequence.
l.3 \section
            {–õ–µ–∫—Ü–∏—è –æ—Ç 10.9.2022. –ú–æ–¥–µ–ª–∏—Ä–æ–≤–∞–Ω–∏–µ —Å–∏—Å—...
The control sequence at the end of the top line
of your error message was never \def'ed. If you have
misspelled it (e.g., `\hobx'), type `I' and the correct
spelling (e.g., `I\hbox'). Otherwise just continue,
and I'll forget about whatever was undefined.


! LaTeX Error: Unicode character –õ (U+041B)
               not set up for use with LaTeX.

See the LaTeX manual or LaTeX Companion for explanation.
Type  H <return>  for immediate help.
 ...                                              
                                                  
l.3 \section{–õ
               –µ–∫—Ü–∏—è –æ—Ç 10.9.2022. –ú–æ–¥–µ–ª–∏—Ä–æ–≤–∞–Ω–∏–µ —Å–∏—Å—...

You may provide a definition with
\DeclareUnicodeCharacter 


! LaTeX Error: Unicode character –µ (U+0435)
               not set up for use with LaTeX.

See the LaTeX manual or LaTeX Companion for explanation.
Type  H <return>  for immediate help.
 ...                                              
                                                  
l.3 \section{–õ–µ
                 –∫—Ü–∏—è –æ—Ç 10.9.2022. –ú–æ–¥–µ–ª–∏—Ä–æ–≤–∞–Ω–∏–µ —Å–∏—Å—...

You may provide a definition with
\DeclareUnicodeCharacter 


! LaTeX Error: Unicode character –∫ (U+043A)
               not set up for use with LaTeX.

See the LaTeX manual or LaTeX Companion for explanation.
Type  H <return>  for immediate help.
 ...                                              
                                                  
l.3 \section{–õ–µ–∫
                   —Ü–∏—è –æ—Ç 10.9.2022. –ú–æ–¥–µ–ª–∏—Ä–æ–≤–∞–Ω–∏–µ —Å–∏—Å—...

You may provide a definition with
\DeclareUnicodeCharacter 


! LaTeX Error: Unicode character —Ü (U+0446)
               not set up for use with LaTeX.

See the LaTeX manual or LaTeX Companion for explanation.
Type  H <return>  for immediate help.
 ...                                              
                                                  
l.3 \section{–õ–µ–∫—Ü
                     –∏—è –æ—Ç 10.9.2022. –ú–æ–¥–µ–ª–∏—Ä–æ–≤–∞–Ω–∏–µ —Å–∏—Å—...

You may provide a definition with
\DeclareUnicodeCharacter 


! LaTeX Error: Unicode character –∏ (U+0438)
               not set up for use with LaTeX.

See the LaTeX manual or LaTeX Companion for explanation.
Type  H <return>  for immediate help.
 ...                                              
                                                  
l.3 \section{–õ–µ–∫—Ü–∏
                       —è –æ—Ç 10.9.2022. –ú–æ–¥–µ–ª–∏—Ä–æ–≤–∞–Ω–∏–µ —Å–∏—Å—...

You may provide a definition with
\DeclareUnicodeCharacter 


! LaTeX Error: Unicode character —è (U+044F)
               not set up for use with LaTeX.

See the LaTeX manual or LaTeX Companion for explanation.
Type  H <return>  for immediate help.
 ...                                              
                                                  
l.3 \section{–õ–µ–∫—Ü–∏—è
                          –æ—Ç 10.9.2022. –ú–æ–¥–µ–ª–∏—Ä–æ–≤–∞–Ω–∏–µ —Å–∏—Å—...

You may provide a definition with
\DeclareUnicodeCharacter 


! LaTeX Error: Unicode character –æ (U+043E)
               not set up for use with LaTeX.

See the LaTeX manual or LaTeX Companion for explanation.
Type  H <return>  for immediate help.
 ...                                              
                                                  
l.3 \section{–õ–µ–∫—Ü–∏—è –æ
                            —Ç 10.9.2022. –ú–æ–¥–µ–ª–∏—Ä–æ–≤–∞–Ω–∏–µ —Å–∏—Å—...

You may provide a definition with
\DeclareUnicodeCharacter 


! LaTeX Error: Unicode character —Ç (U+0442)
               not set up for use with LaTeX.

See the LaTeX manual or LaTeX Companion for explanation.
Type  H <return>  for immediate help.
 ...                                              
                                                  
l.3 \section{–õ–µ–∫—Ü–∏—è –æ—Ç
                               10.9.2022. –ú–æ–¥–µ–ª–∏—Ä–æ–≤–∞–Ω–∏–µ —Å–∏—Å—...

You may provide a definition with
\DeclareUnicodeCharacter 


! LaTeX Error: Missing \begin{document}.

See the LaTeX manual or LaTeX Companion for explanation.
Type  H <return>  for immediate help.
 ...                                              
                                                  
l.3 \section{–õ–µ–∫—Ü–∏—è –æ—Ç 1
                                0.9.2022. –ú–æ–¥–µ–ª–∏—Ä–æ–≤–∞–Ω–∏–µ —Å–∏—Å—...

You're in trouble here.  Try typing  <return>  to proceed.
If that doesn't work, type  X <return>  to quit.

Missing character: There is no 1 in font nullfont!
Missing character: There is no 0 in font nullfont!
Missing character: There is no . in font nullfont!
Missing character: There is no 9 in font nullfont!
Missing character: There is no . in font nullfont!
Missing character: There is no 2 in font nullfont!
Missing character: There is no 0 in font nullfont!
Missing character: There is no 2 in font nullfont!
Missing character: There is no 2 in font nullfont!
Missing character: There is no . in font nullfont!

! LaTeX Error: Unicode character –ú (U+041C)
               not set up for use with LaTeX.

See the LaTeX manual or LaTeX Companion for explanation.
Type  H <return>  for immediate help.
 ...                                              
                                                  
l.3 \section{–õ–µ–∫—Ü–∏—è –æ—Ç 10.9.2022. –ú
                                            –æ–¥–µ–ª–∏—Ä–æ–≤–∞–Ω–∏–µ —Å–∏—Å—...

You may provide a definition with
\DeclareUnicodeCharacter 


! LaTeX Error: Unicode character –æ (U+043E)
               not set up for use with LaTeX.

See the LaTeX manual or LaTeX Companion for explanation.
Type  H <return>  for immediate help.
 ...                                              
                                                  
l.3 \section{–õ–µ–∫—Ü–∏—è –æ—Ç 10.9.2022. –ú–æ
                                              –¥–µ–ª–∏—Ä–æ–≤–∞–Ω–∏–µ —Å–∏—Å—...

You may provide a definition with
\DeclareUnicodeCharacter 


! LaTeX Error: Unicode character –¥ (U+0434)
               not set up for use with LaTeX.

See the LaTeX manual or LaTeX Companion for explanation.
Type  H <return>  for immediate help.
 ...                                              
                                                  
l.3 \section{–õ–µ–∫—Ü–∏—è –æ—Ç 10.9.2022. –ú–æ–¥
                                                –µ–ª–∏—Ä–æ–≤–∞–Ω–∏–µ —Å–∏—Å—...

You may provide a definition with
\DeclareUnicodeCharacter 


! LaTeX Error: Unicode character –µ (U+0435)
               not set up for use with LaTeX.

See the LaTeX manual or LaTeX Companion for explanation.
Type  H <return>  for immediate help.
 ...                                              
                                                  
l.3 \section{–õ–µ–∫—Ü–∏—è –æ—Ç 10.9.2022. –ú–æ–¥–µ
                                                  –ª–∏—Ä–æ–≤–∞–Ω–∏–µ —Å–∏—Å—...

You may provide a definition with
\DeclareUnicodeCharacter 


! LaTeX Error: Unicode character –ª (U+043B)
               not set up for use with LaTeX.

See the LaTeX manual or LaTeX Companion for explanation.
Type  H <return>  for immediate help.
 ...                                              
                                                  
l.3 ...ion{–õ–µ–∫—Ü–∏—è –æ—Ç 10.9.2022. –ú–æ–¥–µ–ª
                                                  –∏—Ä–æ–≤–∞–Ω–∏–µ —Å–∏—Å—Ç–...

You may provide a definition with
\DeclareUnicodeCharacter 


! LaTeX Error: Unicode character –∏ (U+0438)
               not set up for use with LaTeX.

See the LaTeX manual or LaTeX Companion for explanation.
Type  H <return>  for immediate help.
 ...                                              
                                                  
l.3 ...n{–õ–µ–∫—Ü–∏—è –æ—Ç 10.9.2022. –ú–æ–¥–µ–ª–∏
                                                  —Ä–æ–≤–∞–Ω–∏–µ —Å–∏—Å—Ç–µ–...

You may provide a definition with
\DeclareUnicodeCharacter 


! LaTeX Error: Unicode character —Ä (U+0440)
               not set up for use with LaTeX.

See the LaTeX manual or LaTeX Companion for explanation.
Type  H <return>  for immediate help.
 ...                                              
                                                  
l.3 ...–õ–µ–∫—Ü–∏—è –æ—Ç 10.9.2022. –ú–æ–¥–µ–ª–∏—Ä
                                                  –æ–≤–∞–Ω–∏–µ —Å–∏—Å—Ç–µ–º ...

You may provide a definition with
\DeclareUnicodeCharacter 


! LaTeX Error: Unicode character –æ (U+043E)
               not set up for use with LaTeX.

See the LaTeX manual or LaTeX Companion for explanation.
Type  H <return>  for immediate help.
 ...                                              
                                                  
l.3 ...–µ–∫—Ü–∏—è –æ—Ç 10.9.2022. –ú–æ–¥–µ–ª–∏—Ä–æ
                                                  –≤–∞–Ω–∏–µ —Å–∏—Å—Ç–µ–º —É...

You may provide a definition with
\DeclareUnicodeCharacter 


! LaTeX Error: Unicode character –≤ (U+0432)
               not set up for use with LaTeX.

See the LaTeX manual or LaTeX Companion for explanation.
Type  H <return>  for immediate help.
 ...                                              
                                                  
l.3 ...–∫—Ü–∏—è –æ—Ç 10.9.2022. –ú–æ–¥–µ–ª–∏—Ä–æ–≤
                                                  –∞–Ω–∏–µ —Å–∏—Å—Ç–µ–º —É–ø...

You may provide a definition with
\DeclareUnicodeCharacter 


! LaTeX Error: Unicode character –∞ (U+0430)
               not set up for use with LaTeX.

See the LaTeX manual or LaTeX Companion for explanation.
Type  H <return>  for immediate help.
 ...                                              
                                                  
l.3 ...—Ü–∏—è –æ—Ç 10.9.2022. –ú–æ–¥–µ–ª–∏—Ä–æ–≤–∞
                                                  –Ω–∏–µ —Å–∏—Å—Ç–µ–º —É–ø—Ä...

You may provide a definition with
\DeclareUnicodeCharacter 


! LaTeX Error: Unicode character –Ω (U+043D)
               not set up for use with LaTeX.

See the LaTeX manual or LaTeX Companion for explanation.
Type  H <return>  for immediate help.
 ...                                              
                                                  
l.3 ...–∏—è –æ—Ç 10.9.2022. –ú–æ–¥–µ–ª–∏—Ä–æ–≤–∞–Ω
                                                  –∏–µ —Å–∏—Å—Ç–µ–º —É–ø—Ä–∞...

You may provide a definition with
\DeclareUnicodeCharacter 


! LaTeX Error: Unicode character –∏ (U+0438)
               not set up for use with LaTeX.

See the LaTeX manual or LaTeX Companion for explanation.
Type  H <return>  for immediate help.
 ...                                              
                                                  
l.3 ...—è –æ—Ç 10.9.2022. –ú–æ–¥–µ–ª–∏—Ä–æ–≤–∞–Ω–∏
                                                  –µ —Å–∏—Å—Ç–µ–º —É–ø—Ä–∞–≤...

You may provide a definition with
\DeclareUnicodeCharacter 


! LaTeX Error: Unicode character –µ (U+0435)
               not set up for use with LaTeX.

See the LaTeX manual or LaTeX Companion for explanation.
Type  H <return>  for immediate help.
 ...                                              
                                                  
l.3 ... –æ—Ç 10.9.2022. –ú–æ–¥–µ–ª–∏—Ä–æ–≤–∞–Ω–∏–µ
                                                   —Å–∏—Å—Ç–µ–º —É–ø—Ä–∞–≤–ª...

You may provide a definition with
\DeclareUnicodeCharacter 


! LaTeX Error: Unicode character —Å (U+0441)
               not set up for use with LaTeX.

See the LaTeX manual or LaTeX Companion for explanation.
Type  H <return>  for immediate help.
 ...                                              
                                                  
l.3 ...—Ç 10.9.2022. –ú–æ–¥–µ–ª–∏—Ä–æ–≤–∞–Ω–∏–µ —Å
                                                  –∏—Å—Ç–µ–º —É–ø—Ä–∞–≤–ª–µ–...

You may provide a definition with
\DeclareUnicodeCharacter 


! LaTeX Error: Unicode character –∏ (U+0438)
               not set up for use with LaTeX.

See the LaTeX manual or LaTeX Companion for explanation.
Type  H <return>  for immediate help.
 ...                                              
                                                  
l.3 ... 10.9.2022. –ú–æ–¥–µ–ª–∏—Ä–æ–≤–∞–Ω–∏–µ —Å–∏
                                                  —Å—Ç–µ–º —É–ø—Ä–∞–≤–ª–µ–Ω–...

You may provide a definition with
\DeclareUnicodeCharacter 


! LaTeX Error: Unicode character —Å (U+0441)
               not set up for use with LaTeX.

See the LaTeX manual or LaTeX Companion for explanation.
Type  H <return>  for immediate help.
 ...                                              
                                                  
l.3 ...0.9.2022. –ú–æ–¥–µ–ª–∏—Ä–æ–≤–∞–Ω–∏–µ —Å–∏—Å
                                                  —Ç–µ–º —É–ø—Ä–∞–≤–ª–µ–Ω–∏—è.}

You may provide a definition with
\DeclareUnicodeCharacter 


! LaTeX Error: Unicode character —Ç (U+0442)
               not set up for use with LaTeX.

See the LaTeX manual or LaTeX Companion for explanation.
Type  H <return>  for immediate help.
 ...                                              
                                                  
l.3 ...9.2022. –ú–æ–¥–µ–ª–∏—Ä–æ–≤–∞–Ω–∏–µ —Å–∏—Å—Ç
                                                  –µ–º —É–ø—Ä–∞–≤–ª–µ–Ω–∏—è.}
You may provide a definition with
\DeclareUnicodeCharacter 


! LaTeX Error: Unicode character –µ (U+0435)
               not set up for use with LaTeX.

See the LaTeX manual or LaTeX Companion for explanation.
Type  H <return>  for immediate help.
 ...                                              
                                                  
l.3 ...2022. –ú–æ–¥–µ–ª–∏—Ä–æ–≤–∞–Ω–∏–µ —Å–∏—Å—Ç–µ
                                                  –º —É–ø—Ä–∞–≤–ª–µ–Ω–∏—è.}
You may provide a definition with
\DeclareUnicodeCharacter 


! LaTeX Error: Unicode character –º (U+043C)
               not set up for use with LaTeX.

See the LaTeX manual or LaTeX Companion for explanation.
Type  H <return>  for immediate help.
 ...                                              
                                                  
l.3 ...22. –ú–æ–¥–µ–ª–∏—Ä–æ–≤–∞–Ω–∏–µ —Å–∏—Å—Ç–µ–º
                                                   —É–ø—Ä–∞–≤–ª–µ–Ω–∏—è.}
You may provide a definition with
\DeclareUnicodeCharacter 


! LaTeX Error: Unicode character —É (U+0443)
               not set up for use with LaTeX.

See the LaTeX manual or LaTeX Companion for explanation.
Type  H <return>  for immediate help.
 ...                                              
                                                  
l.3 ... –ú–æ–¥–µ–ª–∏—Ä–æ–≤–∞–Ω–∏–µ —Å–∏—Å—Ç–µ–º —É
                                                  –ø—Ä–∞–≤–ª–µ–Ω–∏—è.}
You may provide a definition with
\DeclareUnicodeCharacter 


! LaTeX Error: Unicode character –ø (U+043F)
               not set up for use with LaTeX.

See the LaTeX manual or LaTeX Companion for explanation.
Type  H <return>  for immediate help.
 ...                                              
                                                  
l.3 ...ú–æ–¥–µ–ª–∏—Ä–æ–≤–∞–Ω–∏–µ —Å–∏—Å—Ç–µ–º —É–ø
                                                  —Ä–∞–≤–ª–µ–Ω–∏—è.}
You may provide a definition with
\DeclareUnicodeCharacter 


! LaTeX Error: Unicode character —Ä (U+0440)
               not set up for use with LaTeX.

See the LaTeX manual or LaTeX Companion for explanation.
Type  H <return>  for immediate help.
 ...                                              
                                                  
l.3 ...æ–¥–µ–ª–∏—Ä–æ–≤–∞–Ω–∏–µ —Å–∏—Å—Ç–µ–º —É–ø—Ä
                                                  –∞–≤–ª–µ–Ω–∏—è.}
You may provide a definition with
\DeclareUnicodeCharacter 


! LaTeX Error: Unicode character –∞ (U+0430)
               not set up for use with LaTeX.

See the LaTeX manual or LaTeX Companion for explanation.
Type  H <return>  for immediate help.
 ...                                              
                                                  
l.3 ...¥–µ–ª–∏—Ä–æ–≤–∞–Ω–∏–µ —Å–∏—Å—Ç–µ–º —É–ø—Ä–∞
                                                  –≤–ª–µ–Ω–∏—è.}
You may provide a definition with
\DeclareUnicodeCharacter 


! LaTeX Error: Unicode character –≤ (U+0432)
               not set up for use with LaTeX.

See the LaTeX manual or LaTeX Companion for explanation.
Type  H <return>  for immediate help.
 ...                                              
                                                  
l.3 ...µ–ª–∏—Ä–æ–≤–∞–Ω–∏–µ —Å–∏—Å—Ç–µ–º —É–ø—Ä–∞–≤
                                                  –ª–µ–Ω–∏—è.}
You may provide a definition with
\DeclareUnicodeCharacter 


! LaTeX Error: Unicode character –ª (U+043B)
               not set up for use with LaTeX.

See the LaTeX manual or LaTeX Companion for explanation.
Type  H <return>  for immediate help.
 ...                                              
                                                  
l.3 ...ª–∏—Ä–æ–≤–∞–Ω–∏–µ —Å–∏—Å—Ç–µ–º —É–ø—Ä–∞–≤–ª
                                                  –µ–Ω–∏—è.}
You may provide a definition with
\DeclareUnicodeCharacter 


! LaTeX Error: Unicode character –µ (U+0435)
               not set up for use with LaTeX.

See the LaTeX manual or LaTeX Companion for explanation.
Type  H <return>  for immediate help.
 ...                                              
                                                  
l.3 ...∏—Ä–æ–≤–∞–Ω–∏–µ —Å–∏—Å—Ç–µ–º —É–ø—Ä–∞–≤–ª–µ
                                                  –Ω–∏—è.}
You may provide a definition with
\DeclareUnicodeCharacter 


! LaTeX Error: Unicode character –Ω (U+043D)
               not set up for use with LaTeX.

See the LaTeX manual or LaTeX Companion for explanation.
Type  H <return>  for immediate help.
 ...                                              
                                                  
l.3 ...Ä–æ–≤–∞–Ω–∏–µ —Å–∏—Å—Ç–µ–º —É–ø—Ä–∞–≤–ª–µ–Ω
                                                  –∏—è.}
You may provide a definition with
\DeclareUnicodeCharacter 


! LaTeX Error: Unicode character –∏ (U+0438)
               not set up for use with LaTeX.

See the LaTeX manual or LaTeX Companion for explanation.
Type  H <return>  for immediate help.
 ...                                              
                                                  
l.3 ...æ–≤–∞–Ω–∏–µ —Å–∏—Å—Ç–µ–º —É–ø—Ä–∞–≤–ª–µ–Ω–∏
                                                  —è.}
You may provide a definition with
\DeclareUnicodeCharacter 


! LaTeX Error: Unicode character —è (U+044F)
               not set up for use with LaTeX.

See the LaTeX manual or LaTeX Companion for explanation.
Type  H <return>  for immediate help.
 ...                                              
                                                  
l.3 ...≤–∞–Ω–∏–µ —Å–∏—Å—Ç–µ–º —É–ø—Ä–∞–≤–ª–µ–Ω–∏—è
                                                  .}
You may provide a definition with
\DeclareUnicodeCharacter 

Missing character: There is no . in font nullfont!
! Undefined control sequence.
l.4 \subsection
               {–°–æ–≤—Ä–µ–º–µ–Ω–Ω—ã–µ —Ç—Ä–µ–±–æ–≤–∞–Ω–∏—è –ü–û –º–æ–¥–µ–ª–...
The control sequence at the end of the top line
of your error message was never \def'ed. If you have
misspelled it (e.g., `\hobx'), type `I' and the correct
spelling (e.g., `I\hbox'). Otherwise just continue,
and I'll forget about whatever was undefined.


! LaTeX Error: Unicode character –° (U+0421)
               not set up for use with LaTeX.

See the LaTeX manual or LaTeX Companion for explanation.
Type  H <return>  for immediate help.
 ...                                              
                                                  
l.4 \subsection{–°
                  –æ–≤—Ä–µ–º–µ–Ω–Ω—ã–µ —Ç—Ä–µ–±–æ–≤–∞–Ω–∏—è –ü–û –º–æ–¥–µ–ª–...

You may provide a definition with
\DeclareUnicodeCharacter 


! LaTeX Error: Unicode character –æ (U+043E)
               not set up for use with LaTeX.

See the LaTeX manual or LaTeX Companion for explanation.
Type  H <return>  for immediate help.
 ...                                              
                                                  
l.4 \subsection{–°–æ
                    –≤—Ä–µ–º–µ–Ω–Ω—ã–µ —Ç—Ä–µ–±–æ–≤–∞–Ω–∏—è –ü–û –º–æ–¥–µ–ª–...

You may provide a definition with
\DeclareUnicodeCharacter 


! LaTeX Error: Unicode character –≤ (U+0432)
               not set up for use with LaTeX.

See the LaTeX manual or LaTeX Companion for explanation.
Type  H <return>  for immediate help.
 ...                                              
                                                  
l.4 \subsection{–°–æ–≤
                      —Ä–µ–º–µ–Ω–Ω—ã–µ —Ç—Ä–µ–±–æ–≤–∞–Ω–∏—è –ü–û –º–æ–¥–µ–ª–...

You may provide a definition with
\DeclareUnicodeCharacter 


! LaTeX Error: Unicode character —Ä (U+0440)
               not set up for use with LaTeX.

See the LaTeX manual or LaTeX Companion for explanation.
Type  H <return>  for immediate help.
 ...                                              
                                                  
l.4 \subsection{–°–æ–≤—Ä
                        –µ–º–µ–Ω–Ω—ã–µ —Ç—Ä–µ–±–æ–≤–∞–Ω–∏—è –ü–û –º–æ–¥–µ–ª–...

You may provide a definition with
\DeclareUnicodeCharacter 


! LaTeX Error: Unicode character –µ (U+0435)
               not set up for use with LaTeX.

See the LaTeX manual or LaTeX Companion for explanation.
Type  H <return>  for immediate help.
 ...                                              
                                                  
l.4 \subsection{–°–æ–≤—Ä–µ
                          –º–µ–Ω–Ω—ã–µ —Ç—Ä–µ–±–æ–≤–∞–Ω–∏—è –ü–û –º–æ–¥–µ–ª–...

You may provide a definition with
\DeclareUnicodeCharacter 


! LaTeX Error: Unicode character –º (U+043C)
               not set up for use with LaTeX.

See the LaTeX manual or LaTeX Companion for explanation.
Type  H <return>  for immediate help.
 ...                                              
                                                  
l.4 \subsection{–°–æ–≤—Ä–µ–º
                            –µ–Ω–Ω—ã–µ —Ç—Ä–µ–±–æ–≤–∞–Ω–∏—è –ü–û –º–æ–¥–µ–ª–...

You may provide a definition with
\DeclareUnicodeCharacter 


! LaTeX Error: Unicode character –µ (U+0435)
               not set up for use with LaTeX.

See the LaTeX manual or LaTeX Companion for explanation.
Type  H <return>  for immediate help.
 ...                                              
                                                  
l.4 \subsection{–°–æ–≤—Ä–µ–º–µ
                              –Ω–Ω—ã–µ —Ç—Ä–µ–±–æ–≤–∞–Ω–∏—è –ü–û –º–æ–¥–µ–ª–...

You may provide a definition with
\DeclareUnicodeCharacter 


! LaTeX Error: Unicode character –Ω (U+043D)
               not set up for use with LaTeX.

See the LaTeX manual or LaTeX Companion for explanation.
Type  H <return>  for immediate help.
 ...                                              
                                                  
l.4 \subsection{–°–æ–≤—Ä–µ–º–µ–Ω
                                –Ω—ã–µ —Ç—Ä–µ–±–æ–≤–∞–Ω–∏—è –ü–û –º–æ–¥–µ–ª–...

You may provide a definition with
\DeclareUnicodeCharacter 


! LaTeX Error: Unicode character –Ω (U+043D)
               not set up for use with LaTeX.

See the LaTeX manual or LaTeX Companion for explanation.
Type  H <return>  for immediate help.
 ...                                              
                                                  
l.4 \subsection{–°–æ–≤—Ä–µ–º–µ–Ω–Ω
                                  —ã–µ —Ç—Ä–µ–±–æ–≤–∞–Ω–∏—è –ü–û –º–æ–¥–µ–ª–...

You may provide a definition with
\DeclareUnicodeCharacter 


! LaTeX Error: Unicode character —ã (U+044B)
               not set up for use with LaTeX.

See the LaTeX manual or LaTeX Companion for explanation.
Type  H <return>  for immediate help.
 ...                                              
                                                  
l.4 \subsection{–°–æ–≤—Ä–µ–º–µ–Ω–Ω—ã
                                    –µ —Ç—Ä–µ–±–æ–≤–∞–Ω–∏—è –ü–û –º–æ–¥–µ–ª–...

You may provide a definition with
\DeclareUnicodeCharacter 


! LaTeX Error: Unicode character –µ (U+0435)
               not set up for use with LaTeX.

See the LaTeX manual or LaTeX Companion for explanation.
Type  H <return>  for immediate help.
 ...                                              
                                                  
l.4 \subsection{–°–æ–≤—Ä–µ–º–µ–Ω–Ω—ã–µ
                                       —Ç—Ä–µ–±–æ–≤–∞–Ω–∏—è –ü–û –º–æ–¥–µ–ª–...

You may provide a definition with
\DeclareUnicodeCharacter 


! LaTeX Error: Unicode character —Ç (U+0442)
               not set up for use with LaTeX.

See the LaTeX manual or LaTeX Companion for explanation.
Type  H <return>  for immediate help.
 ...                                              
                                                  
l.4 \subsection{–°–æ–≤—Ä–µ–º–µ–Ω–Ω—ã–µ —Ç
                                         —Ä–µ–±–æ–≤–∞–Ω–∏—è –ü–û –º–æ–¥–µ–ª–...

You may provide a definition with
\DeclareUnicodeCharacter 


! LaTeX Error: Unicode character —Ä (U+0440)
               not set up for use with LaTeX.

See the LaTeX manual or LaTeX Companion for explanation.
Type  H <return>  for immediate help.
 ...                                              
                                                  
l.4 \subsection{–°–æ–≤—Ä–µ–º–µ–Ω–Ω—ã–µ —Ç—Ä
                                           –µ–±–æ–≤–∞–Ω–∏—è –ü–û –º–æ–¥–µ–ª–...

You may provide a definition with
\DeclareUnicodeCharacter 


! LaTeX Error: Unicode character –µ (U+0435)
               not set up for use with LaTeX.

See the LaTeX manual or LaTeX Companion for explanation.
Type  H <return>  for immediate help.
 ...                                              
                                                  
l.4 \subsection{–°–æ–≤—Ä–µ–º–µ–Ω–Ω—ã–µ —Ç—Ä–µ
                                             –±–æ–≤–∞–Ω–∏—è –ü–û –º–æ–¥–µ–ª–...

You may provide a definition with
\DeclareUnicodeCharacter 


! LaTeX Error: Unicode character –± (U+0431)
               not set up for use with LaTeX.

See the LaTeX manual or LaTeX Companion for explanation.
Type  H <return>  for immediate help.
 ...                                              
                                                  
l.4 \subsection{–°–æ–≤—Ä–µ–º–µ–Ω–Ω—ã–µ —Ç—Ä–µ–±
                                               –æ–≤–∞–Ω–∏—è –ü–û –º–æ–¥–µ–ª–...

You may provide a definition with
\DeclareUnicodeCharacter 


! LaTeX Error: Unicode character –æ (U+043E)
               not set up for use with LaTeX.

See the LaTeX manual or LaTeX Companion for explanation.
Type  H <return>  for immediate help.
 ...                                              
                                                  
l.4 \subsection{–°–æ–≤—Ä–µ–º–µ–Ω–Ω—ã–µ —Ç—Ä–µ–±–æ
                                                 –≤–∞–Ω–∏—è –ü–û –º–æ–¥–µ–ª–...

You may provide a definition with
\DeclareUnicodeCharacter 


! LaTeX Error: Unicode character –≤ (U+0432)
               not set up for use with LaTeX.

See the LaTeX manual or LaTeX Companion for explanation.
Type  H <return>  for immediate help.
 ...                                              
                                                  
l.4 ...section{–°–æ–≤—Ä–µ–º–µ–Ω–Ω—ã–µ —Ç—Ä–µ–±–æ–≤
                                                  –∞–Ω–∏—è –ü–û –º–æ–¥–µ–ª–∏...

You may provide a definition with
\DeclareUnicodeCharacter 


! LaTeX Error: Unicode character –∞ (U+0430)
               not set up for use with LaTeX.

See the LaTeX manual or LaTeX Companion for explanation.
Type  H <return>  for immediate help.
 ...                                              
                                                  
l.4 ...ction{–°–æ–≤—Ä–µ–º–µ–Ω–Ω—ã–µ —Ç—Ä–µ–±–æ–≤–∞
                                                  –Ω–∏—è –ü–û –º–æ–¥–µ–ª–∏—Ä...

You may provide a definition with
\DeclareUnicodeCharacter 


! LaTeX Error: Unicode character –Ω (U+043D)
               not set up for use with LaTeX.

See the LaTeX manual or LaTeX Companion for explanation.
Type  H <return>  for immediate help.
 ...                                              
                                                  
l.4 ...ion{–°–æ–≤—Ä–µ–º–µ–Ω–Ω—ã–µ —Ç—Ä–µ–±–æ–≤–∞–Ω
                                                  –∏—è –ü–û –º–æ–¥–µ–ª–∏—Ä–æ...

You may provide a definition with
\DeclareUnicodeCharacter 


! LaTeX Error: Unicode character –∏ (U+0438)
               not set up for use with LaTeX.

See the LaTeX manual or LaTeX Companion for explanation.
Type  H <return>  for immediate help.
 ...                                              
                                                  
l.4 ...n{–°–æ–≤—Ä–µ–º–µ–Ω–Ω—ã–µ —Ç—Ä–µ–±–æ–≤–∞–Ω–∏
                                                  —è –ü–û –º–æ–¥–µ–ª–∏—Ä–æ–≤...

You may provide a definition with
\DeclareUnicodeCharacter 


! LaTeX Error: Unicode character —è (U+044F)
               not set up for use with LaTeX.

See the LaTeX manual or LaTeX Companion for explanation.
Type  H <return>  for immediate help.
 ...                                              
                                                  
l.4 ...–°–æ–≤—Ä–µ–º–µ–Ω–Ω—ã–µ —Ç—Ä–µ–±–æ–≤–∞–Ω–∏—è
                                                   –ü–û –º–æ–¥–µ–ª–∏—Ä–æ–≤–∞...

You may provide a definition with
\DeclareUnicodeCharacter 


! LaTeX Error: Unicode character –ü (U+041F)
               not set up for use with LaTeX.

See the LaTeX manual or LaTeX Companion for explanation.
Type  H <return>  for immediate help.
 ...                                              
                                                  
l.4 ...æ–≤—Ä–µ–º–µ–Ω–Ω—ã–µ —Ç—Ä–µ–±–æ–≤–∞–Ω–∏—è –ü
                                                  –û –º–æ–¥–µ–ª–∏—Ä–æ–≤–∞–Ω–...

You may provide a definition with
\DeclareUnicodeCharacter 


! LaTeX Error: Unicode character –û (U+041E)
               not set up for use with LaTeX.

See the LaTeX manual or LaTeX Companion for explanation.
Type  H <return>  for immediate help.
 ...                                              
                                                  
l.4 ...≤—Ä–µ–º–µ–Ω–Ω—ã–µ —Ç—Ä–µ–±–æ–≤–∞–Ω–∏—è –ü–û
                                                   –º–æ–¥–µ–ª–∏—Ä–æ–≤–∞–Ω–∏—è.}

You may provide a definition with
\DeclareUnicodeCharacter 


! LaTeX Error: Unicode character –º (U+043C)
               not set up for use with LaTeX.

See the LaTeX manual or LaTeX Companion for explanation.
Type  H <return>  for immediate help.
 ...                                              
                                                  
l.4 ...–µ–º–µ–Ω–Ω—ã–µ —Ç—Ä–µ–±–æ–≤–∞–Ω–∏—è –ü–û –º
                                                  –æ–¥–µ–ª–∏—Ä–æ–≤–∞–Ω–∏—è.}
You may provide a definition with
\DeclareUnicodeCharacter 


! LaTeX Error: Unicode character –æ (U+043E)
               not set up for use with LaTeX.

See the LaTeX manual or LaTeX Companion for explanation.
Type  H <return>  for immediate help.
 ...                                              
                                                  
l.4 ...–º–µ–Ω–Ω—ã–µ —Ç—Ä–µ–±–æ–≤–∞–Ω–∏—è –ü–û –º–æ
                                                  –¥–µ–ª–∏—Ä–æ–≤–∞–Ω–∏—è.}
You may provide a definition with
\DeclareUnicodeCharacter 


! LaTeX Error: Unicode character –¥ (U+0434)
               not set up for use with LaTeX.

See the LaTeX manual or LaTeX Companion for explanation.
Type  H <return>  for immediate help.
 ...                                              
                                                  
l.4 ...–µ–Ω–Ω—ã–µ —Ç—Ä–µ–±–æ–≤–∞–Ω–∏—è –ü–û –º–æ–¥
                                                  –µ–ª–∏—Ä–æ–≤–∞–Ω–∏—è.}
You may provide a definition with
\DeclareUnicodeCharacter 


! LaTeX Error: Unicode character –µ (U+0435)
               not set up for use with LaTeX.

See the LaTeX manual or LaTeX Companion for explanation.
Type  H <return>  for immediate help.
 ...                                              
                                                  
l.4 ...–Ω–Ω—ã–µ —Ç—Ä–µ–±–æ–≤–∞–Ω–∏—è –ü–û –º–æ–¥–µ
                                                  –ª–∏—Ä–æ–≤–∞–Ω–∏—è.}
You may provide a definition with
\DeclareUnicodeCharacter 


! LaTeX Error: Unicode character –ª (U+043B)
               not set up for use with LaTeX.

See the LaTeX manual or LaTeX Companion for explanation.
Type  H <return>  for immediate help.
 ...                                              
                                                  
l.4 ...–Ω—ã–µ —Ç—Ä–µ–±–æ–≤–∞–Ω–∏—è –ü–û –º–æ–¥–µ–ª
                                                  –∏—Ä–æ–≤–∞–Ω–∏—è.}
You may provide a definition with
\DeclareUnicodeCharacter 


! LaTeX Error: Unicode character –∏ (U+0438)
               not set up for use with LaTeX.

See the LaTeX manual or LaTeX Companion for explanation.
Type  H <return>  for immediate help.
 ...                                              
                                                  
l.4 ...—ã–µ —Ç—Ä–µ–±–æ–≤–∞–Ω–∏—è –ü–û –º–æ–¥–µ–ª–∏
                                                  —Ä–æ–≤–∞–Ω–∏—è.}
You may provide a definition with
\DeclareUnicodeCharacter 


! LaTeX Error: Unicode character —Ä (U+0440)
               not set up for use with LaTeX.

See the LaTeX manual or LaTeX Companion for explanation.
Type  H <return>  for immediate help.
 ...                                              
                                                  
l.4 ...–µ —Ç—Ä–µ–±–æ–≤–∞–Ω–∏—è –ü–û –º–æ–¥–µ–ª–∏—Ä
                                                  –æ–≤–∞–Ω–∏—è.}
You may provide a definition with
\DeclareUnicodeCharacter 


! LaTeX Error: Unicode character –æ (U+043E)
               not set up for use with LaTeX.

See the LaTeX manual or LaTeX Companion for explanation.
Type  H <return>  for immediate help.
 ...                                              
                                                  
l.4 ... —Ç—Ä–µ–±–æ–≤–∞–Ω–∏—è –ü–û –º–æ–¥–µ–ª–∏—Ä–æ
                                                  –≤–∞–Ω–∏—è.}
You may provide a definition with
\DeclareUnicodeCharacter 


! LaTeX Error: Unicode character –≤ (U+0432)
               not set up for use with LaTeX.

See the LaTeX manual or LaTeX Companion for explanation.
Type  H <return>  for immediate help.
 ...                                              
                                                  
l.4 ...Ç—Ä–µ–±–æ–≤–∞–Ω–∏—è –ü–û –º–æ–¥–µ–ª–∏—Ä–æ–≤
                                                  –∞–Ω–∏—è.}
You may provide a definition with
\DeclareUnicodeCharacter 


! LaTeX Error: Unicode character –∞ (U+0430)
               not set up for use with LaTeX.

See the LaTeX manual or LaTeX Companion for explanation.
Type  H <return>  for immediate help.
 ...                                              
                                                  
l.4 ...Ä–µ–±–æ–≤–∞–Ω–∏—è –ü–û –º–æ–¥–µ–ª–∏—Ä–æ–≤–∞
                                                  –Ω–∏—è.}
You may provide a definition with
\DeclareUnicodeCharacter 


! LaTeX Error: Unicode character –Ω (U+043D)
               not set up for use with LaTeX.

See the LaTeX manual or LaTeX Companion for explanation.
Type  H <return>  for immediate help.
 ...                                              
                                                  
l.4 ...µ–±–æ–≤–∞–Ω–∏—è –ü–û –º–æ–¥–µ–ª–∏—Ä–æ–≤–∞–Ω
                                                  –∏—è.}
You may provide a definition with
\DeclareUnicodeCharacter 


! LaTeX Error: Unicode character –∏ (U+0438)
               not set up for use with LaTeX.

See the LaTeX manual or LaTeX Companion for explanation.
Type  H <return>  for immediate help.
 ...                                              
                                                  
l.4 ...±–æ–≤–∞–Ω–∏—è –ü–û –º–æ–¥–µ–ª–∏—Ä–æ–≤–∞–Ω–∏
                                                  —è.}
You may provide a definition with
\DeclareUnicodeCharacter 


! LaTeX Error: Unicode character —è (U+044F)
               not set up for use with LaTeX.

See the LaTeX manual or LaTeX Companion for explanation.
Type  H <return>  for immediate help.
 ...                                              
                                                  
l.4 ...æ–≤–∞–Ω–∏—è –ü–û –º–æ–¥–µ–ª–∏—Ä–æ–≤–∞–Ω–∏—è
                                                  .}
You may provide a definition with
\DeclareUnicodeCharacter 

Missing character: There is no . in font nullfont!

! LaTeX Error: Unicode character –ò (U+0418)
               not set up for use with LaTeX.

See the LaTeX manual or LaTeX Companion for explanation.
Type  H <return>  for immediate help.
 ...                                              
                                                  
l.5 –ò
      –Ω—Ç–µ–Ω—Å–∏–≤–Ω–æ–µ —Ä–∞–∑–≤–∏—Ç–∏–µ —Å—Ä–µ–¥—Å—Ç–≤ –≤–∏–∑—É–∞–ª–∏–∑–...

You may provide a definition with
\DeclareUnicodeCharacter 


! LaTeX Error: Unicode character –Ω (U+043D)
               not set up for use with LaTeX.

See the LaTeX manual or LaTeX Companion for explanation.
Type  H <return>  for immediate help.
 ...                                              
                                                  
l.5 –ò–Ω
        —Ç–µ–Ω—Å–∏–≤–Ω–æ–µ —Ä–∞–∑–≤–∏—Ç–∏–µ —Å—Ä–µ–¥—Å—Ç–≤ –≤–∏–∑—É–∞–ª–∏–∑–...

You may provide a definition with
\DeclareUnicodeCharacter 


! LaTeX Error: Unicode character —Ç (U+0442)
               not set up for use with LaTeX.

See the LaTeX manual or LaTeX Companion for explanation.
Type  H <return>  for immediate help.
 ...                                              
                                                  
l.5 –ò–Ω—Ç
          –µ–Ω—Å–∏–≤–Ω–æ–µ —Ä–∞–∑–≤–∏—Ç–∏–µ —Å—Ä–µ–¥—Å—Ç–≤ –≤–∏–∑—É–∞–ª–∏–∑–...

You may provide a definition with
\DeclareUnicodeCharacter 


! LaTeX Error: Unicode character –µ (U+0435)
               not set up for use with LaTeX.

See the LaTeX manual or LaTeX Companion for explanation.
Type  H <return>  for immediate help.
 ...                                              
                                                  
l.5 –ò–Ω—Ç–µ
            –Ω—Å–∏–≤–Ω–æ–µ —Ä–∞–∑–≤–∏—Ç–∏–µ —Å—Ä–µ–¥—Å—Ç–≤ –≤–∏–∑—É–∞–ª–∏–∑–...

You may provide a definition with
\DeclareUnicodeCharacter 


! LaTeX Error: Unicode character –Ω (U+043D)
               not set up for use with LaTeX.

See the LaTeX manual or LaTeX Companion for explanation.
Type  H <return>  for immediate help.
 ...                                              
                                                  
l.5 –ò–Ω—Ç–µ–Ω
              —Å–∏–≤–Ω–æ–µ —Ä–∞–∑–≤–∏—Ç–∏–µ —Å—Ä–µ–¥—Å—Ç–≤ –≤–∏–∑—É–∞–ª–∏–∑–...

You may provide a definition with
\DeclareUnicodeCharacter 


! LaTeX Error: Unicode character —Å (U+0441)
               not set up for use with LaTeX.

See the LaTeX manual or LaTeX Companion for explanation.
Type  H <return>  for immediate help.
 ...                                              
                                                  
l.5 –ò–Ω—Ç–µ–Ω—Å
                –∏–≤–Ω–æ–µ —Ä–∞–∑–≤–∏—Ç–∏–µ —Å—Ä–µ–¥—Å—Ç–≤ –≤–∏–∑—É–∞–ª–∏–∑–...

You may provide a definition with
\DeclareUnicodeCharacter 


! LaTeX Error: Unicode character –∏ (U+0438)
               not set up for use with LaTeX.

See the LaTeX manual or LaTeX Companion for explanation.
Type  H <return>  for immediate help.
 ...                                              
                                                  
l.5 –ò–Ω—Ç–µ–Ω—Å–∏
                  –≤–Ω–æ–µ —Ä–∞–∑–≤–∏—Ç–∏–µ —Å—Ä–µ–¥—Å—Ç–≤ –≤–∏–∑—É–∞–ª–∏–∑–...

You may provide a definition with
\DeclareUnicodeCharacter 


! LaTeX Error: Unicode character –≤ (U+0432)
               not set up for use with LaTeX.

See the LaTeX manual or LaTeX Companion for explanation.
Type  H <return>  for immediate help.
 ...                                              
                                                  
l.5 –ò–Ω—Ç–µ–Ω—Å–∏–≤
                    –Ω–æ–µ —Ä–∞–∑–≤–∏—Ç–∏–µ —Å—Ä–µ–¥—Å—Ç–≤ –≤–∏–∑—É–∞–ª–∏–∑–...

You may provide a definition with
\DeclareUnicodeCharacter 


! LaTeX Error: Unicode character –Ω (U+043D)
               not set up for use with LaTeX.

See the LaTeX manual or LaTeX Companion for explanation.
Type  H <return>  for immediate help.
 ...                                              
                                                  
l.5 –ò–Ω—Ç–µ–Ω—Å–∏–≤–Ω
                      –æ–µ —Ä–∞–∑–≤–∏—Ç–∏–µ —Å—Ä–µ–¥—Å—Ç–≤ –≤–∏–∑—É–∞–ª–∏–∑–...

You may provide a definition with
\DeclareUnicodeCharacter 


! LaTeX Error: Unicode character –æ (U+043E)
               not set up for use with LaTeX.

See the LaTeX manual or LaTeX Companion for explanation.
Type  H <return>  for immediate help.
 ...                                              
                                                  
l.5 –ò–Ω—Ç–µ–Ω—Å–∏–≤–Ω–æ
                        –µ —Ä–∞–∑–≤–∏—Ç–∏–µ —Å—Ä–µ–¥—Å—Ç–≤ –≤–∏–∑—É–∞–ª–∏–∑–...

You may provide a definition with
\DeclareUnicodeCharacter 


! LaTeX Error: Unicode character –µ (U+0435)
               not set up for use with LaTeX.

See the LaTeX manual or LaTeX Companion for explanation.
Type  H <return>  for immediate help.
 ...                                              
                                                  
l.5 –ò–Ω—Ç–µ–Ω—Å–∏–≤–Ω–æ–µ
                           —Ä–∞–∑–≤–∏—Ç–∏–µ —Å—Ä–µ–¥—Å—Ç–≤ –≤–∏–∑—É–∞–ª–∏–∑–...

You may provide a definition with
\DeclareUnicodeCharacter 


! LaTeX Error: Unicode character —Ä (U+0440)
               not set up for use with LaTeX.

See the LaTeX manual or LaTeX Companion for explanation.
Type  H <return>  for immediate help.
 ...                                              
                                                  
l.5 –ò–Ω—Ç–µ–Ω—Å–∏–≤–Ω–æ–µ —Ä
                             –∞–∑–≤–∏—Ç–∏–µ —Å—Ä–µ–¥—Å—Ç–≤ –≤–∏–∑—É–∞–ª–∏–∑–...

You may provide a definition with
\DeclareUnicodeCharacter 


! LaTeX Error: Unicode character –∞ (U+0430)
               not set up for use with LaTeX.

See the LaTeX manual or LaTeX Companion for explanation.
Type  H <return>  for immediate help.
 ...                                              
                                                  
l.5 –ò–Ω—Ç–µ–Ω—Å–∏–≤–Ω–æ–µ —Ä–∞
                               –∑–≤–∏—Ç–∏–µ —Å—Ä–µ–¥—Å—Ç–≤ –≤–∏–∑—É–∞–ª–∏–∑–...

You may provide a definition with
\DeclareUnicodeCharacter 


! LaTeX Error: Unicode character –∑ (U+0437)
               not set up for use with LaTeX.

See the LaTeX manual or LaTeX Companion for explanation.
Type  H <return>  for immediate help.
 ...                                              
                                                  
l.5 –ò–Ω—Ç–µ–Ω—Å–∏–≤–Ω–æ–µ —Ä–∞–∑
                                 –≤–∏—Ç–∏–µ —Å—Ä–µ–¥—Å—Ç–≤ –≤–∏–∑—É–∞–ª–∏–∑–...

You may provide a definition with
\DeclareUnicodeCharacter 


! LaTeX Error: Unicode character –≤ (U+0432)
               not set up for use with LaTeX.

See the LaTeX manual or LaTeX Companion for explanation.
Type  H <return>  for immediate help.
 ...                                              
                                                  
l.5 –ò–Ω—Ç–µ–Ω—Å–∏–≤–Ω–æ–µ —Ä–∞–∑–≤
                                   –∏—Ç–∏–µ —Å—Ä–µ–¥—Å—Ç–≤ –≤–∏–∑—É–∞–ª–∏–∑–...

You may provide a definition with
\DeclareUnicodeCharacter 


! LaTeX Error: Unicode character –∏ (U+0438)
               not set up for use with LaTeX.

See the LaTeX manual or LaTeX Companion for explanation.
Type  H <return>  for immediate help.
 ...                                              
                                                  
l.5 –ò–Ω—Ç–µ–Ω—Å–∏–≤–Ω–æ–µ —Ä–∞–∑–≤–∏
                                     —Ç–∏–µ —Å—Ä–µ–¥—Å—Ç–≤ –≤–∏–∑—É–∞–ª–∏–∑–...

You may provide a definition with
\DeclareUnicodeCharacter 


! LaTeX Error: Unicode character —Ç (U+0442)
               not set up for use with LaTeX.

See the LaTeX manual or LaTeX Companion for explanation.
Type  H <return>  for immediate help.
 ...                                              
                                                  
l.5 –ò–Ω—Ç–µ–Ω—Å–∏–≤–Ω–æ–µ —Ä–∞–∑–≤–∏—Ç
                                       –∏–µ —Å—Ä–µ–¥—Å—Ç–≤ –≤–∏–∑—É–∞–ª–∏–∑–...

You may provide a definition with
\DeclareUnicodeCharacter 


! LaTeX Error: Unicode character –∏ (U+0438)
               not set up for use with LaTeX.

See the LaTeX manual or LaTeX Companion for explanation.
Type  H <return>  for immediate help.
 ...                                              
                                                  
l.5 –ò–Ω—Ç–µ–Ω—Å–∏–≤–Ω–æ–µ —Ä–∞–∑–≤–∏—Ç–∏
                                         –µ —Å—Ä–µ–¥—Å—Ç–≤ –≤–∏–∑—É–∞–ª–∏–∑–...

You may provide a definition with
\DeclareUnicodeCharacter 


! LaTeX Error: Unicode character –µ (U+0435)
               not set up for use with LaTeX.

See the LaTeX manual or LaTeX Companion for explanation.
Type  H <return>  for immediate help.
 ...                                              
                                                  
l.5 –ò–Ω—Ç–µ–Ω—Å–∏–≤–Ω–æ–µ —Ä–∞–∑–≤–∏—Ç–∏–µ
                                            —Å—Ä–µ–¥—Å—Ç–≤ –≤–∏–∑—É–∞–ª–∏–∑–...

You may provide a definition with
\DeclareUnicodeCharacter 


! LaTeX Error: Unicode character —Å (U+0441)
               not set up for use with LaTeX.

See the LaTeX manual or LaTeX Companion for explanation.
Type  H <return>  for immediate help.
 ...                                              
                                                  
l.5 –ò–Ω—Ç–µ–Ω—Å–∏–≤–Ω–æ–µ —Ä–∞–∑–≤–∏—Ç–∏–µ —Å
                                              —Ä–µ–¥—Å—Ç–≤ –≤–∏–∑—É–∞–ª–∏–∑–...

You may provide a definition with
\DeclareUnicodeCharacter 


! LaTeX Error: Unicode character —Ä (U+0440)
               not set up for use with LaTeX.

See the LaTeX manual or LaTeX Companion for explanation.
Type  H <return>  for immediate help.
 ...                                              
                                                  
l.5 –ò–Ω—Ç–µ–Ω—Å–∏–≤–Ω–æ–µ —Ä–∞–∑–≤–∏—Ç–∏–µ —Å—Ä
                                                –µ–¥—Å—Ç–≤ –≤–∏–∑—É–∞–ª–∏–∑–...

You may provide a definition with
\DeclareUnicodeCharacter 


! LaTeX Error: Unicode character –µ (U+0435)
               not set up for use with LaTeX.

See the LaTeX manual or LaTeX Companion for explanation.
Type  H <return>  for immediate help.
 ...                                              
                                                  
l.5 –ò–Ω—Ç–µ–Ω—Å–∏–≤–Ω–æ–µ —Ä–∞–∑–≤–∏—Ç–∏–µ —Å—Ä–µ
                                                  –¥—Å—Ç–≤ –≤–∏–∑—É–∞–ª–∏–∑–...

You may provide a definition with
\DeclareUnicodeCharacter 


! LaTeX Error: Unicode character –¥ (U+0434)
               not set up for use with LaTeX.

See the LaTeX manual or LaTeX Companion for explanation.
Type  H <return>  for immediate help.
 ...                                              
                                                  
l.5 ...Ç–µ–Ω—Å–∏–≤–Ω–æ–µ —Ä–∞–∑–≤–∏—Ç–∏–µ —Å—Ä–µ–¥
                                                  —Å—Ç–≤ –≤–∏–∑—É–∞–ª–∏–∑–∞—...

You may provide a definition with
\DeclareUnicodeCharacter 


! LaTeX Error: Unicode character —Å (U+0441)
               not set up for use with LaTeX.

See the LaTeX manual or LaTeX Companion for explanation.
Type  H <return>  for immediate help.
 ...                                              
                                                  
l.5 ...µ–Ω—Å–∏–≤–Ω–æ–µ —Ä–∞–∑–≤–∏—Ç–∏–µ —Å—Ä–µ–¥—Å
                                                  —Ç–≤ –≤–∏–∑—É–∞–ª–∏–∑–∞—Ü–...

You may provide a definition with
\DeclareUnicodeCharacter 


! LaTeX Error: Unicode character —Ç (U+0442)
               not set up for use with LaTeX.

See the LaTeX manual or LaTeX Companion for explanation.
Type  H <return>  for immediate help.
 ...                                              
                                                  
l.5 ...Ω—Å–∏–≤–Ω–æ–µ —Ä–∞–∑–≤–∏—Ç–∏–µ —Å—Ä–µ–¥—Å—Ç
                                                  –≤ –≤–∏–∑—É–∞–ª–∏–∑–∞—Ü–∏–...

You may provide a definition with
\DeclareUnicodeCharacter 


! LaTeX Error: Unicode character –≤ (U+0432)
               not set up for use with LaTeX.

See the LaTeX manual or LaTeX Companion for explanation.
Type  H <return>  for immediate help.
 ...                                              
                                                  
l.5 ...Å–∏–≤–Ω–æ–µ —Ä–∞–∑–≤–∏—Ç–∏–µ —Å—Ä–µ–¥—Å—Ç–≤
                                                   –≤–∏–∑—É–∞–ª–∏–∑–∞—Ü–∏–∏ ...

You may provide a definition with
\DeclareUnicodeCharacter 


! LaTeX Error: Unicode character –≤ (U+0432)
               not set up for use with LaTeX.

See the LaTeX manual or LaTeX Companion for explanation.
Type  H <return>  for immediate help.
 ...                                              
                                                  
l.5 ...–≤–Ω–æ–µ —Ä–∞–∑–≤–∏—Ç–∏–µ —Å—Ä–µ–¥—Å—Ç–≤ –≤
                                                  –∏–∑—É–∞–ª–∏–∑–∞—Ü–∏–∏ –∏ ...

You may provide a definition with
\DeclareUnicodeCharacter 


! LaTeX Error: Unicode character –∏ (U+0438)
               not set up for use with LaTeX.

See the LaTeX manual or LaTeX Companion for explanation.
Type  H <return>  for immediate help.
 ...                                              
                                                  
l.5 ...–Ω–æ–µ —Ä–∞–∑–≤–∏—Ç–∏–µ —Å—Ä–µ–¥—Å—Ç–≤ –≤–∏
                                                  –∑—É–∞–ª–∏–∑–∞—Ü–∏–∏ –∏ –û...

You may provide a definition with
\DeclareUnicodeCharacter 


! LaTeX Error: Unicode character –∑ (U+0437)
               not set up for use with LaTeX.

See the LaTeX manual or LaTeX Companion for explanation.
Type  H <return>  for immediate help.
 ...                                              
                                                  
l.5 ...–æ–µ —Ä–∞–∑–≤–∏—Ç–∏–µ —Å—Ä–µ–¥—Å—Ç–≤ –≤–∏–∑
                                                  —É–∞–ª–∏–∑–∞—Ü–∏–∏ –∏ –û–û...

You may provide a definition with
\DeclareUnicodeCharacter 


! LaTeX Error: Unicode character —É (U+0443)
               not set up for use with LaTeX.

See the LaTeX manual or LaTeX Companion for explanation.
Type  H <return>  for immediate help.
 ...                                              
                                                  
l.5 ...–µ —Ä–∞–∑–≤–∏—Ç–∏–µ —Å—Ä–µ–¥—Å—Ç–≤ –≤–∏–∑—É
                                                  –∞–ª–∏–∑–∞—Ü–∏–∏ –∏ –û–û–ü...

You may provide a definition with
\DeclareUnicodeCharacter 


! LaTeX Error: Unicode character –∞ (U+0430)
               not set up for use with LaTeX.

See the LaTeX manual or LaTeX Companion for explanation.
Type  H <return>  for immediate help.
 ...                                              
                                                  
l.5 ... —Ä–∞–∑–≤–∏—Ç–∏–µ —Å—Ä–µ–¥—Å—Ç–≤ –≤–∏–∑—É–∞
                                                  –ª–∏–∑–∞—Ü–∏–∏ –∏ –û–û–ü, ...

You may provide a definition with
\DeclareUnicodeCharacter 


! LaTeX Error: Unicode character –ª (U+043B)
               not set up for use with LaTeX.

See the LaTeX manual or LaTeX Companion for explanation.
Type  H <return>  for immediate help.
 ...                                              
                                                  
l.5 ...Ä–∞–∑–≤–∏—Ç–∏–µ —Å—Ä–µ–¥—Å—Ç–≤ –≤–∏–∑—É–∞–ª
                                                  –∏–∑–∞—Ü–∏–∏ –∏ –û–û–ü, –∞...

You may provide a definition with
\DeclareUnicodeCharacter 


! LaTeX Error: Unicode character –∏ (U+0438)
               not set up for use with LaTeX.

See the LaTeX manual or LaTeX Companion for explanation.
Type  H <return>  for immediate help.
 ...                                              
                                                  
l.5 ...∞–∑–≤–∏—Ç–∏–µ —Å—Ä–µ–¥—Å—Ç–≤ –≤–∏–∑—É–∞–ª–∏
                                                  –∑–∞—Ü–∏–∏ –∏ –û–û–ü, –∞ —...
(That makes 100 errors; please try again.) 
Here is how much of TeX's memory you used:
 45 strings out of 478339
 977 string characters out of 2836726
 297716 words of memory out of 3000000
 18575 multiletter control sequences out of 15000+600000
 469259 words of font info for 28 fonts, out of 8000000 for 9000
 1141 hyphenation exceptions out of 8191
 13i,0n,12p,163b,37s stack positions out of 10000i,1000n,20000p,200000b,80000s

No pages of output.
